16:31:28.959 [main                     ] DEBUG Logger               - Configured Logger
16:31:28.969 [main                     ] DEBUG GameApplication      - Logging settings
Title: PC builder : 2021
Version: 1.0
Width: 1280
Height: 720
Fullscreen: true
Intro: false
Profiling: false
Single step:false
App Mode: DEVELOPER
Menu Key: ESCAPE
Stage Style: DECORATED
Scene Factory: class nl.hsleiden.joshuabloch.MySceneFactory

16:31:30.316 [JavaFX Application Thread] DEBUG FXGLApplication      - Initializing FXGL
16:31:30.328 [JavaFX Application Thread] INFO  Engine               - FXGL-dev-SNAPSHOT (02.03.2021 12.57) on WINDOWS (J:15.0.1 FX:15)
16:31:30.328 [JavaFX Application Thread] DEBUG Engine               - JRE Vendor Name: AdoptOpenJDK
16:31:30.328 [JavaFX Application Thread] DEBUG Engine               - Running on OS: Windows 10 version 10.0
16:31:30.328 [JavaFX Application Thread] DEBUG Engine               - Architecture: amd64
16:31:30.328 [JavaFX Application Thread] INFO  Engine               - Source code and latest versions at: https://github.com/AlmasB/FXGL
16:31:30.329 [JavaFX Application Thread] INFO  Engine               -              Join the FXGL chat at: https://gitter.im/AlmasB/FXGL
16:31:31.483 [JavaFX Application Thread] DEBUG PrimaryStageWindow   - Creating a JavaFX scene
16:31:31.895 [JavaFX Application Thread] DEBUG PrimaryStageWindow   - Target settings size: 1280.0 x 720.0
16:31:31.895 [JavaFX Application Thread] DEBUG PrimaryStageWindow   - Scaled scene size:    1280.0 x 720.0
16:31:31.895 [JavaFX Application Thread] DEBUG PrimaryStageWindow   - Scaled ratio: (1.0, 1.0)
16:31:31.900 [JavaFX Application Thread] DEBUG PrimaryStageWindow   - Set initial scene to FXGLStartupScene
16:31:31.978 [JavaFX Application Thread] DEBUG PrimaryStageWindow   - Opening main window
16:31:32.305 [JavaFX Application Thread] DEBUG PrimaryStageWindow   - Window border size: (16.0, 39.0)
16:31:32.305 [JavaFX Application Thread] DEBUG PrimaryStageWindow   - Scaled size: 1280.0 x 720.0
16:31:32.305 [JavaFX Application Thread] DEBUG PrimaryStageWindow   - Scaled ratio: (1.0, 1.0)
16:31:32.305 [JavaFX Application Thread] DEBUG PrimaryStageWindow   - Scene size: 1280.0 x 720.0
16:31:32.305 [JavaFX Application Thread] DEBUG PrimaryStageWindow   - Stage size: 1296.0 x 759.0
16:31:32.343 [FXGL Background Thread 1 ] DEBUG Engine               - Initializing environment variables
16:31:32.510 [FXGL Background Thread 1 ] DEBUG FXGLAssetLoaderServi - User app class for loading assets: class nl.hsleiden.joshuabloch.Main
16:31:32.510 [FXGL Background Thread 1 ] DEBUG GameApplicationServi - Applying CSS: fxgl_dark.css
16:31:32.517 [FXGL Background Thread 1 ] DEBUG FXGLAssetLoaderServi - Loading from file system: jar:file:/C:/Users/Rins/.m2/repository/com/github/almasb/fxgl/fxgl/11.14/fxgl-11.14.jar!/fxglassets/ui/css/fxgl_dark.css
16:31:32.698 [FXGL Background Thread 1 ] DEBUG GameApplicationServi - Initializing application scenes
16:31:32.884 [FXGL Background Thread 1 ] DEBUG GameWorld            - Game world initialized
16:31:33.173 [FXGL Background Thread 1 ] DEBUG PhysicsWorld         - Physics world initialized: appHeight=720, physics.ppm=50,0
16:31:33.173 [FXGL Background Thread 1 ] DEBUG PhysicsWorld         - Using strategy: BRUTE_FORCE
16:31:33.181 [FXGL Background Thread 1 ] DEBUG GameScene            - Game scene initialized: 1280x720
16:31:33.343 [FXGL Background Thread 1 ] DEBUG GameApplicationServi - Application scenes initialized
16:31:33.520 [FXGL Background Thread 1 ] DEBUG SystemBundleService  - Loading FXGL system data
16:31:33.536 [FXGL Background Thread 1 ] DEBUG FileSystemAccess     - Reading from: P:\Bibliotheek\Documenten\IntelliJ\38joshuabloch\system\fxgl.bundle
16:31:33.545 [FXGL Background Thread 1 ] DEBUG SystemBundleService  - Bundle FXGL: {}
16:31:33.545 [FXGL Background Thread 1 ] DEBUG UpdaterService       - Checking for updates
16:31:33.621 [FXGL Background Thread 4 ] DEBUG FXGLApplication      - Loading fonts
16:31:33.624 [FXGL Background Thread 4 ] DEBUG FXGLAssetLoaderServi - Loading from file system: jar:file:/C:/Users/Rins/.m2/repository/com/github/almasb/fxgl/fxgl-samples/11.14/fxgl-samples-11.14.jar!/assets/ui/fonts/VarelaRound-Regular.ttf
16:31:33.628 [FXGL Background Thread 1 ] DEBUG FXGLApplication      - Loading default localization
16:31:33.633 [FXGL Background Thread 1 ] DEBUG FXGLAssetLoaderServi - Loading from file system: jar:file:/C:/Users/Rins/.m2/repository/com/github/almasb/fxgl/fxgl/11.14/fxgl-11.14.jar!/fxglassets/languages/english.lang
16:31:33.763 [FXGL Background Thread 4 ] DEBUG FXGLAssetLoaderServi - Loading from file system: jar:file:/C:/Users/Rins/.m2/repository/com/github/almasb/fxgl/fxgl/11.14/fxgl-11.14.jar!/fxglassets/ui/fonts/Abel-Regular.ttf
16:31:33.770 [FXGL Background Thread 4 ] DEBUG FXGLAssetLoaderServi - Loading from file system: jar:file:/C:/Users/Rins/.m2/repository/com/github/almasb/fxgl/fxgl/11.14/fxgl-11.14.jar!/fxglassets/ui/fonts/lucida_console.ttf
16:31:33.774 [FXGL Background Thread 1 ] INFO  FXGLApplication      - FXGL initialization took: 1,431 sec
16:31:33.787 [FXGL Background Thread 4 ] DEBUG FXGLAssetLoaderServi - Loading from file system: jar:file:/C:/Users/Rins/.m2/repository/com/github/almasb/fxgl/fxgl/11.14/fxgl-11.14.jar!/fxglassets/ui/fonts/Courier-Prime.ttf
16:31:33.926 [FXGL Background Thread 2 ] INFO  UpdaterService       - Your current version:  dev-SNAPSHOT
16:31:33.926 [FXGL Background Thread 2 ] INFO  UpdaterService       - Latest stable version: 11.14
16:31:33.955 [JavaFX Application Thread] DEBUG Input                - Registered new binding: Left - A
16:31:33.955 [JavaFX Application Thread] DEBUG Input                - Registered new binding: Right - D
16:31:33.956 [JavaFX Application Thread] DEBUG Input                - Registered new binding: Jump - W
16:31:33.961 [JavaFX Application Thread] DEBUG FXGLAssetLoaderServi - Loading from file system: file:/P:/Bibliotheek/Documenten/IntelliJ/38joshuabloch/target/classes/assets/textures/icon.png
16:31:34.278 [JavaFX Application Thread] DEBUG FXGLAssetLoaderServi - Loading from file system: jar:file:/C:/Users/Rins/.m2/repository/com/github/almasb/fxgl/fxgl/11.14/fxgl-11.14.jar!/fxglassets/ui/cursors/fxgl_default.png
16:31:34.284 [JavaFX Application Thread] DEBUG Input                - Registered new binding: Screenshot - P
16:31:34.286 [JavaFX Application Thread] DEBUG Input                - Registered new binding: System info dump - CTRL+9
16:31:34.288 [JavaFX Application Thread] DEBUG Input                - Registered new binding: Restart - CTRL+R
16:31:34.294 [JavaFX Application Thread] DEBUG Input                - Registered new binding: Toggle Debug Camera - CTRL+C
16:31:34.307 [JavaFX Application Thread] DEBUG LoopRunner           - Starting loop
16:31:34.307 [JavaFX Application Thread] DEBUG LoopRunner           - Initializing JavaFX AnimationTimerLoop
16:31:34.375 [JavaFX Application Thread] DEBUG Input                - Clearing active input actions
16:31:34.381 [JavaFX Application Thread] DEBUG GameApplicationServi - Removing overlay from FXGLStartupScene and adding to FXGLMainMenuDummyScene
16:31:34.381 [JavaFX Application Thread] DEBUG PrimaryStageWindow   - FXGLStartupScene -> FXGLMainMenuDummyScene
16:31:34.381 [JavaFX Application Thread] DEBUG PrimaryStageWindow   - Push state: mainMenu
16:31:34.382 [JavaFX Application Thread] DEBUG Input                - Clearing active input actions
16:31:34.406 [JavaFX Application Thread] DEBUG GameApplicationServi - Removing overlay from FXGLMainMenuDummyScene and adding to mainMenu
16:31:34.407 [JavaFX Application Thread] DEBUG PrimaryStageWindow   - FXGLMainMenuDummyScene -> mainMenu
16:31:34.409 [JavaFX Application Thread] DEBUG FXGLApplication      - Registering font factories with UI factory
16:31:36.611 [FXGL Background Thread 3 ] DEBUG Engine               - Logging environment variables
16:31:36.611 [FXGL Background Thread 3 ] DEBUG Engine               - achievements: []
16:31:36.611 [FXGL Background Thread 3 ] DEBUG Engine               - actualHeight: 720.0
16:31:36.611 [FXGL Background Thread 3 ] DEBUG Engine               - actualHeightProperty: ReadOnlyDoubleProperty [value: 720.0]
16:31:36.611 [FXGL Background Thread 3 ] DEBUG Engine               - actualWidth: 1280.0
16:31:36.612 [FXGL Background Thread 3 ] DEBUG Engine               - actualWidthProperty: ReadOnlyDoubleProperty [value: 1280.0]
16:31:36.612 [FXGL Background Thread 3 ] DEBUG Engine               - appIcon: icon.png
16:31:36.612 [FXGL Background Thread 3 ] DEBUG Engine               - applicationMode: DEVELOPER
16:31:36.612 [FXGL Background Thread 3 ] DEBUG Engine               - cSSList: [fxgl_dark.css]
16:31:36.612 [FXGL Background Thread 3 ] DEBUG Engine               - collisionDetectionStrategy: BRUTE_FORCE
16:31:36.612 [FXGL Background Thread 3 ] DEBUG Engine               - configClass: Optional.empty
16:31:36.612 [FXGL Background Thread 3 ] DEBUG Engine               - credits: []
16:31:36.613 [FXGL Background Thread 3 ] DEBUG Engine               - devBBoxColorProperty: ObjectProperty [value: 0xff0000ff]
16:31:36.613 [FXGL Background Thread 3 ] DEBUG Engine               - devEnableDebugCameraProperty: BooleanProperty [value: false]
16:31:36.613 [FXGL Background Thread 3 ] DEBUG Engine               - devSensorColorProperty: ObjectProperty [value: 0xffff00ff]
16:31:36.613 [FXGL Background Thread 3 ] DEBUG Engine               - devShowBBoxProperty: BooleanProperty [value: false]
16:31:36.613 [FXGL Background Thread 3 ] DEBUG Engine               - devShowPositionProperty: BooleanProperty [value: false]
16:31:36.613 [FXGL Background Thread 3 ] DEBUG Engine               - enabledMenuItems: []
16:31:36.614 [FXGL Background Thread 3 ] DEBUG Engine               - engineServices: [class com.almasb.fxgl.app.services.FXGLAssetLoaderService, class com.almasb.fxgl.app.FXGLApplication$GameApplicationService, class com.almasb.fxgl.app.services.FXGLDialogService, class com.almasb.fxgl.app.services.IOTaskExecutorService, class com.almasb.fxgl.event.EventBusService, class com.almasb.fxgl.io.FileSystemService, class com.almasb.fxgl.localization.LocalizationService, class com.almasb.fxgl.app.services.SystemBundleService, class com.almasb.fxgl.profile.SaveLoadService, class com.almasb.fxgl.ui.FXGLUIFactoryServiceProvider, class com.almasb.fxgl.ui.FXGLDialogFactoryServiceProvider, class com.almasb.fxgl.audio.AudioPlayer, class com.almasb.fxgl.notification.impl.NotificationServiceProvider, class com.almasb.fxgl.achievement.AchievementService, class com.almasb.fxgl.cutscene.CutsceneService, class com.almasb.fxgl.minigames.MiniGameService, class com.almasb.fxgl.net.NetService, class com.almasb.fxgl.app.services.UpdaterService, class com.almasb.fxgl.dev.DevService]
16:31:36.614 [FXGL Background Thread 3 ] DEBUG Engine               - fontGame: Abel-Regular.ttf
16:31:36.614 [FXGL Background Thread 3 ] DEBUG Engine               - fontMono: lucida_console.ttf
16:31:36.614 [FXGL Background Thread 3 ] DEBUG Engine               - fontText: Courier-Prime.ttf
16:31:36.614 [FXGL Background Thread 3 ] DEBUG Engine               - fontUI: VarelaRound-Regular.ttf
16:31:36.614 [FXGL Background Thread 3 ] DEBUG Engine               - fullScreen: BooleanProperty [value: false]
16:31:36.614 [FXGL Background Thread 3 ] DEBUG Engine               - gameDifficulty: MEDIUM
16:31:36.614 [FXGL Background Thread 3 ] DEBUG Engine               - gameDifficultyProperty: ObjectProperty [value: MEDIUM]
16:31:36.615 [FXGL Background Thread 3 ] DEBUG Engine               - globalMusicVolume: 0.5
16:31:36.615 [FXGL Background Thread 3 ] DEBUG Engine               - globalMusicVolumeProperty: DoubleProperty [value: 0.5]
16:31:36.615 [FXGL Background Thread 3 ] DEBUG Engine               - globalSoundVolume: 0.5
16:31:36.615 [FXGL Background Thread 3 ] DEBUG Engine               - globalSoundVolumeProperty: DoubleProperty [value: 0.5]
16:31:36.615 [FXGL Background Thread 3 ] DEBUG Engine               - height: 720
16:31:36.615 [FXGL Background Thread 3 ] DEBUG Engine               - isAndroid: false
16:31:36.615 [FXGL Background Thread 3 ] DEBUG Engine               - isBrowser: false
16:31:36.615 [FXGL Background Thread 3 ] DEBUG Engine               - isClickFeedbackEnabled: false
16:31:36.615 [FXGL Background Thread 3 ] DEBUG Engine               - isCloseConfirmation: false
16:31:36.615 [FXGL Background Thread 3 ] DEBUG Engine               - isDesktop: true
16:31:36.616 [FXGL Background Thread 3 ] DEBUG Engine               - isDeveloperMenuEnabled: false
16:31:36.616 [FXGL Background Thread 3 ] DEBUG Engine               - isEntityPreloadEnabled: true
16:31:36.616 [FXGL Background Thread 3 ] DEBUG Engine               - isExperimental3D: false
16:31:36.616 [FXGL Background Thread 3 ] DEBUG Engine               - isExperimentalNative: false
16:31:36.616 [FXGL Background Thread 3 ] DEBUG Engine               - isExperimentalTiledLargeMap: false
16:31:36.616 [FXGL Background Thread 3 ] DEBUG Engine               - isFileSystemWriteAllowed: true
16:31:36.616 [FXGL Background Thread 3 ] DEBUG Engine               - isFullScreenAllowed: true
16:31:36.616 [FXGL Background Thread 3 ] DEBUG Engine               - isFullScreenFromStart: false
16:31:36.617 [FXGL Background Thread 3 ] DEBUG Engine               - isGameMenuEnabled: true
16:31:36.617 [FXGL Background Thread 3 ] DEBUG Engine               - isIOS: false
16:31:36.617 [FXGL Background Thread 3 ] DEBUG Engine               - isIntroEnabled: false
16:31:36.617 [FXGL Background Thread 3 ] DEBUG Engine               - isLinux: false
16:31:36.617 [FXGL Background Thread 3 ] DEBUG Engine               - isMac: false
16:31:36.617 [FXGL Background Thread 3 ] DEBUG Engine               - isMainMenuEnabled: true
16:31:36.617 [FXGL Background Thread 3 ] DEBUG Engine               - isManualResizeEnabled: false
16:31:36.617 [FXGL Background Thread 3 ] DEBUG Engine               - isMobile: false
16:31:36.617 [FXGL Background Thread 3 ] DEBUG Engine               - isPreserveResizeRatio: false
16:31:36.618 [FXGL Background Thread 3 ] DEBUG Engine               - isProfilingEnabled: false
16:31:36.618 [FXGL Background Thread 3 ] DEBUG Engine               - isScaleAffectedOnResize: true
16:31:36.618 [FXGL Background Thread 3 ] DEBUG Engine               - isSingleStep: false
16:31:36.618 [FXGL Background Thread 3 ] DEBUG Engine               - isUserProfileEnabled: false
16:31:36.618 [FXGL Background Thread 3 ] DEBUG Engine               - isWindows: true
16:31:36.618 [FXGL Background Thread 3 ] DEBUG Engine               - language: ObjectProperty [value: ENGLISH]
16:31:36.618 [FXGL Background Thread 3 ] DEBUG Engine               - menuKey: ESCAPE
16:31:36.618 [FXGL Background Thread 3 ] DEBUG Engine               - notificationViewClass: class com.almasb.fxgl.notification.view.XboxNotificationView
16:31:36.618 [FXGL Background Thread 3 ] DEBUG Engine               - pixelsPerMeter: 50.0
16:31:36.618 [FXGL Background Thread 3 ] DEBUG Engine               - platform: WINDOWS
16:31:36.619 [FXGL Background Thread 3 ] DEBUG Engine               - prefHeightProperty: ReadOnlyDoubleProperty [value: 720.0]
16:31:36.619 [FXGL Background Thread 3 ] DEBUG Engine               - prefWidthProperty: ReadOnlyDoubleProperty [value: 1280.0]
16:31:36.619 [FXGL Background Thread 3 ] DEBUG Engine               - profileDir: profiles/
16:31:36.619 [FXGL Background Thread 3 ] DEBUG Engine               - profileName: StringProperty [value: DEFAULT]
16:31:36.619 [FXGL Background Thread 3 ] DEBUG Engine               - randomSeed: -1
16:31:36.619 [FXGL Background Thread 3 ] DEBUG Engine               - runtimeInfo: RuntimeInfo(platform=WINDOWS, version=dev-SNAPSHOT, build=02.03.2021 12.57)
16:31:36.619 [FXGL Background Thread 3 ] DEBUG Engine               - saveFileExt: sav
16:31:36.620 [FXGL Background Thread 3 ] DEBUG Engine               - scaledHeightProp$fxgl: DoubleProperty [bound, value: 720.0]
16:31:36.620 [FXGL Background Thread 3 ] DEBUG Engine               - scaledWidthProp$fxgl: DoubleProperty [bound, value: 1280.0]
16:31:36.620 [FXGL Background Thread 3 ] DEBUG Engine               - sceneFactory: nl.hsleiden.joshuabloch.MySceneFactory@6a17b8e2
16:31:36.620 [FXGL Background Thread 3 ] DEBUG Engine               - secondsIn24h: 60
16:31:36.620 [FXGL Background Thread 3 ] DEBUG Engine               - soundMenuBack: menu/back.wav
16:31:36.620 [FXGL Background Thread 3 ] DEBUG Engine               - soundMenuPress: menu/press.wav
16:31:36.620 [FXGL Background Thread 3 ] DEBUG Engine               - soundMenuSelect: menu/select.wav
16:31:36.620 [FXGL Background Thread 3 ] DEBUG Engine               - soundNotification: core/notification.wav
16:31:36.620 [FXGL Background Thread 3 ] DEBUG Engine               - stageStyle: DECORATED
16:31:36.620 [FXGL Background Thread 3 ] DEBUG Engine               - supportedLanguages: [ENGLISH, FRENCH, GERMAN, HUNGARIAN, RUSSIAN]
16:31:36.620 [FXGL Background Thread 3 ] DEBUG Engine               - ticksPerSecond: -1
16:31:36.620 [FXGL Background Thread 3 ] DEBUG Engine               - title: PC builder : 2021
16:31:36.621 [FXGL Background Thread 3 ] DEBUG Engine               - urlGithub: https://github.com/AlmasB/FXGL
16:31:36.621 [FXGL Background Thread 3 ] DEBUG Engine               - urlLeaderboard: http://fxgl-top.herokuapp.com/
16:31:36.621 [FXGL Background Thread 3 ] DEBUG Engine               - urlPOM: https://raw.githubusercontent.com/AlmasB/FXGL/release/README.md
16:31:36.621 [FXGL Background Thread 3 ] DEBUG Engine               - userAppClass: class nl.hsleiden.joshuabloch.Main
16:31:36.621 [FXGL Background Thread 3 ] DEBUG Engine               - version: 1.0
16:31:36.621 [FXGL Background Thread 3 ] DEBUG Engine               - versionCheckDays: 7
16:31:36.621 [FXGL Background Thread 3 ] DEBUG Engine               - width: 1280
16:31:36.621 [FXGL Background Thread 3 ] DEBUG Engine               - Logging services
16:31:36.621 [FXGL Background Thread 3 ] DEBUG Engine               - class com.almasb.fxgl.app.services.FXGLAssetLoaderService
16:31:36.621 [FXGL Background Thread 3 ] DEBUG Engine               - class com.almasb.fxgl.app.FXGLApplication$GameApplicationService
16:31:36.622 [FXGL Background Thread 3 ] DEBUG Engine               - class com.almasb.fxgl.app.services.FXGLDialogService
16:31:36.622 [FXGL Background Thread 3 ] DEBUG Engine               - class com.almasb.fxgl.app.services.IOTaskExecutorService
16:31:36.622 [FXGL Background Thread 3 ] DEBUG Engine               - class com.almasb.fxgl.event.EventBusService
16:31:36.622 [FXGL Background Thread 3 ] DEBUG Engine               - class com.almasb.fxgl.io.FileSystemService
16:31:36.622 [FXGL Background Thread 3 ] DEBUG Engine               - class com.almasb.fxgl.localization.LocalizationService
16:31:36.622 [FXGL Background Thread 3 ] DEBUG Engine               - class com.almasb.fxgl.app.services.SystemBundleService
16:31:36.622 [FXGL Background Thread 3 ] DEBUG Engine               - class com.almasb.fxgl.profile.SaveLoadService
16:31:36.622 [FXGL Background Thread 3 ] DEBUG Engine               - class com.almasb.fxgl.ui.FXGLUIFactoryServiceProvider
16:31:36.622 [FXGL Background Thread 3 ] DEBUG Engine               - class com.almasb.fxgl.ui.FXGLDialogFactoryServiceProvider
16:31:36.622 [FXGL Background Thread 3 ] DEBUG Engine               - class com.almasb.fxgl.audio.AudioPlayer
16:31:36.623 [FXGL Background Thread 3 ] DEBUG Engine               - class com.almasb.fxgl.notification.impl.NotificationServiceProvider
16:31:36.623 [FXGL Background Thread 3 ] DEBUG Engine               - class com.almasb.fxgl.achievement.AchievementService
16:31:36.623 [FXGL Background Thread 3 ] DEBUG Engine               - class com.almasb.fxgl.cutscene.CutsceneService
16:31:36.623 [FXGL Background Thread 3 ] DEBUG Engine               - class com.almasb.fxgl.minigames.MiniGameService
16:31:36.623 [FXGL Background Thread 3 ] DEBUG Engine               - class com.almasb.fxgl.net.NetService
16:31:36.623 [FXGL Background Thread 3 ] DEBUG Engine               - class com.almasb.fxgl.app.services.UpdaterService
16:31:36.623 [FXGL Background Thread 3 ] DEBUG Engine               - class com.almasb.fxgl.dev.DevService
16:32:03.549 [JavaFX Application Thread] DEBUG FXGLApplication      - Exiting FXGL
16:32:03.549 [JavaFX Application Thread] DEBUG LoopRunner           - Stopping loop
16:32:03.549 [JavaFX Application Thread] DEBUG SystemBundleService  - Saving FXGL system data
16:32:03.561 [JavaFX Application Thread] DEBUG FileSystemAccess     - Writing to: P:\Bibliotheek\Documenten\IntelliJ\38joshuabloch\system\fxgl.bundle
16:32:03.580 [JavaFX Application Thread] DEBUG Async                - Shutting down background threads
16:32:03.580 [JavaFX Application Thread] DEBUG PrimaryStageWindow   - Closing main window
16:32:03.596 [JavaFX Application Thread] DEBUG Logger               - Closing Logger
