16:33:05.074 [main                     ] DEBUG Logger               - Configured Logger
16:33:05.087 [main                     ] DEBUG GameApplication      - Logging settings
Title: PC builder : 2021
Version: 1.0
Width: 1280
Height: 720
Fullscreen: true
Intro: false
Profiling: false
Single step:false
App Mode: DEVELOPER
Menu Key: ESCAPE
Stage Style: DECORATED
Scene Factory: class nl.hsleiden.joshuabloch.MySceneFactory

16:33:06.450 [JavaFX Application Thread] DEBUG FXGLApplication      - Initializing FXGL
16:33:06.465 [JavaFX Application Thread] INFO  Engine               - FXGL-dev-SNAPSHOT (02.03.2021 12.57) on WINDOWS (J:15.0.1 FX:15)
16:33:06.466 [JavaFX Application Thread] DEBUG Engine               - JRE Vendor Name: AdoptOpenJDK
16:33:06.466 [JavaFX Application Thread] DEBUG Engine               - Running on OS: Windows 10 version 10.0
16:33:06.466 [JavaFX Application Thread] DEBUG Engine               - Architecture: amd64
16:33:06.466 [JavaFX Application Thread] INFO  Engine               - Source code and latest versions at: https://github.com/AlmasB/FXGL
16:33:06.466 [JavaFX Application Thread] INFO  Engine               -              Join the FXGL chat at: https://gitter.im/AlmasB/FXGL
16:33:07.707 [JavaFX Application Thread] DEBUG PrimaryStageWindow   - Creating a JavaFX scene
16:33:08.125 [JavaFX Application Thread] DEBUG PrimaryStageWindow   - Target settings size: 1280.0 x 720.0
16:33:08.125 [JavaFX Application Thread] DEBUG PrimaryStageWindow   - Scaled scene size:    1280.0 x 720.0
16:33:08.125 [JavaFX Application Thread] DEBUG PrimaryStageWindow   - Scaled ratio: (1.0, 1.0)
16:33:08.133 [JavaFX Application Thread] DEBUG PrimaryStageWindow   - Set initial scene to FXGLStartupScene
16:33:08.211 [JavaFX Application Thread] DEBUG PrimaryStageWindow   - Opening main window
16:33:08.546 [JavaFX Application Thread] DEBUG PrimaryStageWindow   - Window border size: (16.0, 39.0)
16:33:08.546 [JavaFX Application Thread] DEBUG PrimaryStageWindow   - Scaled size: 1280.0 x 720.0
16:33:08.546 [JavaFX Application Thread] DEBUG PrimaryStageWindow   - Scaled ratio: (1.0, 1.0)
16:33:08.546 [JavaFX Application Thread] DEBUG PrimaryStageWindow   - Scene size: 1280.0 x 720.0
16:33:08.546 [JavaFX Application Thread] DEBUG PrimaryStageWindow   - Stage size: 1296.0 x 759.0
16:33:08.589 [FXGL Background Thread 1 ] DEBUG Engine               - Initializing environment variables
16:33:08.752 [FXGL Background Thread 1 ] DEBUG FXGLAssetLoaderServi - User app class for loading assets: class nl.hsleiden.joshuabloch.Main
16:33:08.752 [FXGL Background Thread 1 ] DEBUG GameApplicationServi - Applying CSS: fxgl_dark.css
16:33:08.761 [FXGL Background Thread 1 ] DEBUG FXGLAssetLoaderServi - Loading from file system: jar:file:/C:/Users/Rins/.m2/repository/com/github/almasb/fxgl/fxgl/11.14/fxgl-11.14.jar!/fxglassets/ui/css/fxgl_dark.css
16:33:08.956 [FXGL Background Thread 1 ] DEBUG GameApplicationServi - Initializing application scenes
16:33:09.159 [FXGL Background Thread 1 ] DEBUG GameWorld            - Game world initialized
16:33:09.474 [FXGL Background Thread 1 ] DEBUG PhysicsWorld         - Physics world initialized: appHeight=720, physics.ppm=50,0
16:33:09.474 [FXGL Background Thread 1 ] DEBUG PhysicsWorld         - Using strategy: BRUTE_FORCE
16:33:09.484 [FXGL Background Thread 1 ] DEBUG GameScene            - Game scene initialized: 1280x720
16:33:09.668 [FXGL Background Thread 1 ] DEBUG GameApplicationServi - Application scenes initialized
16:33:09.781 [FXGL Background Thread 1 ] DEBUG SystemBundleService  - Loading FXGL system data
16:33:09.795 [FXGL Background Thread 1 ] DEBUG FileSystemAccess     - Reading from: P:\Bibliotheek\Documenten\IntelliJ\38joshuabloch\system\fxgl.bundle
16:33:09.805 [FXGL Background Thread 1 ] DEBUG SystemBundleService  - Bundle FXGL: {}
16:33:09.805 [FXGL Background Thread 1 ] DEBUG UpdaterService       - Checking for updates
16:33:09.845 [FXGL Background Thread 4 ] DEBUG FXGLApplication      - Loading fonts
16:33:09.847 [FXGL Background Thread 4 ] DEBUG FXGLAssetLoaderServi - Loading from file system: jar:file:/C:/Users/Rins/.m2/repository/com/github/almasb/fxgl/fxgl-samples/11.14/fxgl-samples-11.14.jar!/assets/ui/fonts/VarelaRound-Regular.ttf
16:33:09.852 [FXGL Background Thread 1 ] DEBUG FXGLApplication      - Loading default localization
16:33:09.858 [FXGL Background Thread 1 ] DEBUG FXGLAssetLoaderServi - Loading from file system: jar:file:/C:/Users/Rins/.m2/repository/com/github/almasb/fxgl/fxgl/11.14/fxgl-11.14.jar!/fxglassets/languages/english.lang
16:33:09.960 [FXGL Background Thread 1 ] INFO  FXGLApplication      - FXGL initialization took: 1,369 sec
16:33:09.970 [FXGL Background Thread 4 ] DEBUG FXGLAssetLoaderServi - Loading from file system: jar:file:/C:/Users/Rins/.m2/repository/com/github/almasb/fxgl/fxgl/11.14/fxgl-11.14.jar!/fxglassets/ui/fonts/Abel-Regular.ttf
16:33:09.981 [FXGL Background Thread 4 ] DEBUG FXGLAssetLoaderServi - Loading from file system: jar:file:/C:/Users/Rins/.m2/repository/com/github/almasb/fxgl/fxgl/11.14/fxgl-11.14.jar!/fxglassets/ui/fonts/lucida_console.ttf
16:33:09.990 [FXGL Background Thread 4 ] DEBUG FXGLAssetLoaderServi - Loading from file system: jar:file:/C:/Users/Rins/.m2/repository/com/github/almasb/fxgl/fxgl/11.14/fxgl-11.14.jar!/fxglassets/ui/fonts/Courier-Prime.ttf
16:33:09.995 [JavaFX Application Thread] DEBUG Input                - Registered new binding: Left - A
16:33:09.995 [JavaFX Application Thread] DEBUG Input                - Registered new binding: Right - D
16:33:09.995 [JavaFX Application Thread] DEBUG Input                - Registered new binding: Jump - W
16:33:10.000 [JavaFX Application Thread] DEBUG FXGLAssetLoaderServi - Loading from file system: file:/P:/Bibliotheek/Documenten/IntelliJ/38joshuabloch/target/classes/assets/textures/icon.png
16:33:10.168 [FXGL Background Thread 2 ] INFO  UpdaterService       - Your current version:  dev-SNAPSHOT
16:33:10.168 [FXGL Background Thread 2 ] INFO  UpdaterService       - Latest stable version: 11.14
16:33:10.284 [JavaFX Application Thread] DEBUG FXGLAssetLoaderServi - Loading from file system: jar:file:/C:/Users/Rins/.m2/repository/com/github/almasb/fxgl/fxgl/11.14/fxgl-11.14.jar!/fxglassets/ui/cursors/fxgl_default.png
16:33:10.292 [JavaFX Application Thread] DEBUG Input                - Registered new binding: Screenshot - P
16:33:10.296 [JavaFX Application Thread] DEBUG Input                - Registered new binding: System info dump - CTRL+9
16:33:10.299 [JavaFX Application Thread] DEBUG Input                - Registered new binding: Restart - CTRL+R
16:33:10.305 [JavaFX Application Thread] DEBUG Input                - Registered new binding: Toggle Debug Camera - CTRL+C
16:33:10.323 [JavaFX Application Thread] DEBUG LoopRunner           - Starting loop
16:33:10.323 [JavaFX Application Thread] DEBUG LoopRunner           - Initializing JavaFX AnimationTimerLoop
16:33:10.342 [JavaFX Application Thread] DEBUG Input                - Clearing active input actions
16:33:10.348 [JavaFX Application Thread] DEBUG GameApplicationServi - Removing overlay from FXGLStartupScene and adding to FXGLMainMenuDummyScene
16:33:10.349 [JavaFX Application Thread] DEBUG PrimaryStageWindow   - FXGLStartupScene -> FXGLMainMenuDummyScene
16:33:10.349 [JavaFX Application Thread] DEBUG PrimaryStageWindow   - Push state: mainMenu
16:33:10.349 [JavaFX Application Thread] DEBUG Input                - Clearing active input actions
16:33:10.375 [JavaFX Application Thread] DEBUG GameApplicationServi - Removing overlay from FXGLMainMenuDummyScene and adding to mainMenu
16:33:10.376 [JavaFX Application Thread] DEBUG PrimaryStageWindow   - FXGLMainMenuDummyScene -> mainMenu
16:33:10.377 [JavaFX Application Thread] DEBUG FXGLApplication      - Registering font factories with UI factory
16:33:11.884 [JavaFX Application Thread] DEBUG FXGLApplication      - Exiting FXGL
16:33:11.884 [JavaFX Application Thread] DEBUG LoopRunner           - Stopping loop
16:33:11.884 [JavaFX Application Thread] DEBUG SystemBundleService  - Saving FXGL system data
16:33:11.899 [JavaFX Application Thread] DEBUG FileSystemAccess     - Writing to: P:\Bibliotheek\Documenten\IntelliJ\38joshuabloch\system\fxgl.bundle
16:33:11.923 [JavaFX Application Thread] DEBUG Async                - Shutting down background threads
16:33:11.923 [JavaFX Application Thread] DEBUG PrimaryStageWindow   - Closing main window
16:33:11.940 [JavaFX Application Thread] DEBUG Logger               - Closing Logger
